<?xml version="1.0" encoding="UTF-8"?>
<testng-results skipped="0" failed="0" total="1" passed="1">
  <reporter-output>
  </reporter-output>
  <suite name="HomePageSuite" duration-ms="71543" started-at="2019-08-28T13:27:11Z" finished-at="2019-08-28T13:28:22Z">
    <groups>
    </groups>
    <test name="HomePage" duration-ms="71543" started-at="2019-08-28T13:27:11Z" finished-at="2019-08-28T13:28:22Z">
      <class name="com.toolsqa.testscripts.AutomatedHomePage">
        <test-method status="PASS" signature="preSetup()[pri:0, instance:com.toolsqa.testscripts.AutomatedHomePage@5fe94a96]" name="preSetup" is-config="true" duration-ms="68244" started-at="2019-08-28T18:57:11Z" finished-at="2019-08-28T18:58:19Z">
          <reporter-output>
          </reporter-output>
        </test-method> <!-- preSetup -->
        <test-method status="PASS" signature="HomePageValidation()[pri:0, instance:com.toolsqa.testscripts.AutomatedHomePage@5fe94a96]" name="HomePageValidation" duration-ms="1963" started-at="2019-08-28T18:58:19Z" finished-at="2019-08-28T18:58:21Z">
          <reporter-output>
          </reporter-output>
        </test-method> <!-- HomePageValidation -->
        <test-method status="PASS" signature="getResult(org.testng.ITestResult)[pri:0, instance:com.toolsqa.testscripts.AutomatedHomePage@5fe94a96]" name="getResult" is-config="true" duration-ms="565" started-at="2019-08-28T18:58:21Z" finished-at="2019-08-28T18:58:22Z">
          <params>
            <param index="0">
              <value>
                <![CDATA[[TestResult name=HomePageValidation status=SUCCESS method=AutomatedHomePage.HomePageValidation()[pri:0, instance:com.toolsqa.testscripts.AutomatedHomePage@5fe94a96] output={null}]]]>
              </value>
            </param>
          </params>
          <reporter-output>
          </reporter-output>
        </test-method> <!-- getResult -->
        <test-method status="PASS" signature="tearDown()[pri:0, instance:com.toolsqa.testscripts.AutomatedHomePage@5fe94a96]" name="tearDown" is-config="true" duration-ms="755" started-at="2019-08-28T18:58:22Z" finished-at="2019-08-28T18:58:22Z">
          <reporter-output>
          </reporter-output>
        </test-method> <!-- tearDown -->
      </class> <!-- com.toolsqa.testscripts.AutomatedHomePage -->
    </test> <!-- HomePage -->
  </suite> <!-- HomePageSuite -->
</testng-results>
